
================================================================================
ERROR LOGGED: 2026-05-31T15:29:20.037Z
User ID: RAMIJ.TAKILDAR@ibm.com
================================================================================
Error Name: Error
Error Message: ripgrep exited with code 2: the literal '"\n"' is not allowed in a regex

Consider enabling multiline mode with the --multiline flag (or -U for short).
When multiline mode is enabled, new line characters can be matched.


Stack Trace:
Error: ripgrep exited with code 2: the literal '"\n"' is not allowed in a regex

Consider enabling multiline mode with the --multiline flag (or -U for short).
When multiline mode is enabled, new line characters can be matched.

    at ChildProcess.<anonymous> (file:///opt/homebrew/lib/node_modules/bobshell/bundle/bob.js:2272:1451)
    at ChildProcess.emit (node:events:509:20)
    at maybeClose (node:internal/child_process:1108:16)
    at Socket.<anonymous> (node:internal/child_process:480:11)
    at Socket.emit (node:events:509:20)
    at Pipe.<anonymous> (node:net:350:12)
================================================================================


================================================================================
ERROR LOGGED: 2026-05-31T15:29:20.038Z
User ID: RAMIJ.TAKILDAR@ibm.com
================================================================================
Error Name: Error
Error Message: ripgrep exited with code 2: the literal '"\n"' is not allowed in a regex

Consider enabling multiline mode with the --multiline flag (or -U for short).
When multiline mode is enabled, new line characters can be matched.


Stack Trace:
Error: ripgrep exited with code 2: the literal '"\n"' is not allowed in a regex

Consider enabling multiline mode with the --multiline flag (or -U for short).
When multiline mode is enabled, new line characters can be matched.

    at ChildProcess.<anonymous> (file:///opt/homebrew/lib/node_modules/bobshell/bundle/bob.js:2272:1451)
    at ChildProcess.emit (node:events:509:20)
    at maybeClose (node:internal/child_process:1108:16)
    at Socket.<anonymous> (node:internal/child_process:480:11)
    at Socket.emit (node:events:509:20)
    at Pipe.<anonymous> (node:net:350:12)
================================================================================

